# JRE version: OpenJDK Runtime Environment (8.0_152-b01) (build 1.8.0_152-release-1024-b01)
# Java VM: OpenJDK 64-Bit Server VM (25.152-b01 mixed mode linux-amd64 compressed oops)
Heap:
 PSYoungGen      total 273920K, used 45029K [0x00000000e0000000, 0x00000000f4d00000, 0x0000000100000000)
  eden space 228864K, 0% used [0x00000000e0000000,0x00000000e0000000,0x00000000edf80000)
  from space 45056K, 99% used [0x00000000edf80000,0x00000000f0b79578,0x00000000f0b80000)
  to   space 29184K, 0% used [0x00000000f0b80000,0x00000000f0b80000,0x00000000f2800000)
 ParOldGen       total 137216K, used 107269K [0x00000000a0000000, 0x00000000a8600000, 0x00000000e0000000)
  object space 137216K, 78% used [0x00000000a0000000,0x00000000a68c1678,0x00000000a8600000)
 Metaspace       used 77659K, capacity 80216K, committed 80404K, reserved 1118208K
  class space    used 10348K, capacity 10960K, committed 11068K, reserved 1048576K
GC Heap History (10 events):
Event: 22,570 GC heap after
Heap after GC invocations=13 (full 2):
 PSYoungGen      total 176640K, used 18405K [0x00000000e0000000, 0x00000000eec80000, 0x0000000100000000)
  eden space 158208K, 0% used [0x00000000e0000000,0x00000000e0000000,0x00000000e9a80000)
  from space 18432K, 99% used [0x00000000e9a80000,0x00000000eac79740,0x00000000eac80000)
  to   space 22016K, 0% used [0x00000000ed700000,0x00000000ed700000,0x00000000eec80000)
 ParOldGen       total 89088K, used 27051K [0x00000000a0000000, 0x00000000a5700000, 0x00000000e0000000)
  object space 89088K, 30% used [0x00000000a0000000,0x00000000a1a6ada8,0x00000000a5700000)
 Metaspace       used 57113K, capacity 58918K, committed 59028K, reserved 1099776K
  class space    used 7869K, capacity 8359K, committed 8380K, reserved 1048576K
}
Event: 22,570 GC heap before
{Heap before GC invocations=14 (full 3):
 PSYoungGen      total 176640K, used 18405K [0x00000000e0000000, 0x00000000eec80000, 0x0000000100000000)
  eden space 158208K, 0% used [0x00000000e0000000,0x00000000e0000000,0x00000000e9a80000)
  from space 18432K, 99% used [0x00000000e9a80000,0x00000000eac79740,0x00000000eac80000)
  to   space 22016K, 0% used [0x00000000ed700000,0x00000000ed700000,0x00000000eec80000)
 ParOldGen       total 89088K, used 27051K [0x00000000a0000000, 0x00000000a5700000, 0x00000000e0000000)
  object space 89088K, 30% used [0x00000000a0000000,0x00000000a1a6ada8,0x00000000a5700000)
 Metaspace       used 57113K, capacity 58918K, committed 59028K, reserved 1099776K
  class space    used 7869K, capacity 8359K, committed 8380K, reserved 1048576K
Event: 22,825 GC heap after
Heap after GC invocations=14 (full 3):
 PSYoungGen      total 176640K, used 0K [0x00000000e0000000, 0x00000000eec80000, 0x0000000100000000)
  eden space 158208K, 0% used [0x00000000e0000000,0x00000000e0000000,0x00000000e9a80000)
  from space 18432K, 0% used [0x00000000e9a80000,0x00000000e9a80000,0x00000000eac80000)
  to   space 22016K, 0% used [0x00000000ed700000,0x00000000ed700000,0x00000000eec80000)
 ParOldGen       total 137216K, used 36352K [0x00000000a0000000, 0x00000000a8600000, 0x00000000e0000000)
  object space 137216K, 26% used [0x00000000a0000000,0x00000000a2380150,0x00000000a8600000)
 Metaspace       used 57113K, capacity 58918K, committed 59028K, reserved 1099776K
  class space    used 7869K, capacity 8359K, committed 8380K, reserved 1048576K
}
Event: 26,042 GC heap before
{Heap before GC invocations=15 (full 3):
 PSYoungGen      total 176640K, used 158208K [0x00000000e0000000, 0x00000000eec80000, 0x0000000100000000)
  eden space 158208K, 100% used [0x00000000e0000000,0x00000000e9a80000,0x00000000e9a80000)
  from space 18432K, 0% used [0x00000000e9a80000,0x00000000e9a80000,0x00000000eac80000)
  to   space 22016K, 0% used [0x00000000ed700000,0x00000000ed700000,0x00000000eec80000)
 ParOldGen       total 137216K, used 36352K [0x00000000a0000000, 0x00000000a8600000, 0x00000000e0000000)
  object space 137216K, 26% used [0x00000000a0000000,0x00000000a2380150,0x00000000a8600000)
 Metaspace       used 59655K, capacity 61488K, committed 61844K, reserved 1101824K
  class space    used 8121K, capacity 8568K, committed 8636K, reserved 1048576K
Event: 26,060 GC heap after
Heap after GC invocations=15 (full 3):
 PSYoungGen      total 214016K, used 9965K [0x00000000e0000000, 0x00000000ee880000, 0x0000000100000000)
  eden space 196096K, 0% used [0x00000000e0000000,0x00000000e0000000,0x00000000ebf80000)
  from space 17920K, 55% used [0x00000000ed700000,0x00000000ee0bb4d8,0x00000000ee880000)
  to   space 20992K, 0% used [0x00000000ebf80000,0x00000000ebf80000,0x00000000ed400000)
 ParOldGen       total 137216K, used 36360K [0x00000000a0000000, 0x00000000a8600000, 0x00000000e0000000)
  object space 137216K, 26% used [0x00000000a0000000,0x00000000a2382150,0x00000000a8600000)
 Metaspace       used 59655K, capacity 61488K, committed 61844K, reserved 1101824K
  class space    used 8121K, capacity 8568K, committed 8636K, reserved 1048576K
}
Event: 29,415 GC heap before
{Heap before GC invocations=16 (full 3):
 PSYoungGen      total 214016K, used 206061K [0x00000000e0000000, 0x00000000ee880000, 0x0000000100000000)
  eden space 196096K, 100% used [0x00000000e0000000,0x00000000ebf80000,0x00000000ebf80000)
  from space 17920K, 55% used [0x00000000ed700000,0x00000000ee0bb4d8,0x00000000ee880000)
  to   space 20992K, 0% used [0x00000000ebf80000,0x00000000ebf80000,0x00000000ed400000)
 ParOldGen       total 137216K, used 36360K [0x00000000a0000000, 0x00000000a8600000, 0x00000000e0000000)
  object space 137216K, 26% used [0x00000000a0000000,0x00000000a2382150,0x00000000a8600000)
 Metaspace       used 64915K, capacity 66844K, committed 67092K, reserved 1107968K
  class space    used 8744K, capacity 9214K, committed 9276K, reserved 1048576K
Event: 29,482 GC heap after
Heap after GC invocations=16 (full 3):
 PSYoungGen      total 217088K, used 20980K [0x00000000e0000000, 0x00000000f2800000, 0x0000000100000000)
  eden space 196096K, 0% used [0x00000000e0000000,0x00000000e0000000,0x00000000ebf80000)
  from space 20992K, 99% used [0x00000000ebf80000,0x00000000ed3fd1c0,0x00000000ed400000)
  to   space 29184K, 0% used [0x00000000f0b80000,0x00000000f0b80000,0x00000000f2800000)
 ParOldGen       total 137216K, used 50058K [0x00000000a0000000, 0x00000000a8600000, 0x00000000e0000000)
  object space 137216K, 36% used [0x00000000a0000000,0x00000000a30e2ae0,0x00000000a8600000)
 Metaspace       used 64915K, capacity 66844K, committed 67092K, reserved 1107968K
  class space    used 8744K, capacity 9214K, committed 9276K, reserved 1048576K
}
Event: 32,067 GC heap before
{Heap before GC invocations=17 (full 3):
 PSYoungGen      total 217088K, used 217076K [0x00000000e0000000, 0x00000000f2800000, 0x0000000100000000)
  eden space 196096K, 100% used [0x00000000e0000000,0x00000000ebf80000,0x00000000ebf80000)
  from space 20992K, 99% used [0x00000000ebf80000,0x00000000ed3fd1c0,0x00000000ed400000)
  to   space 29184K, 0% used [0x00000000f0b80000,0x00000000f0b80000,0x00000000f2800000)
 ParOldGen       total 137216K, used 50058K [0x00000000a0000000, 0x00000000a8600000, 0x00000000e0000000)
  object space 137216K, 36% used [0x00000000a0000000,0x00000000a30e2ae0,0x00000000a8600000)
 Metaspace       used 75248K, capacity 77564K, committed 77716K, reserved 1116160K
  class space    used 10062K, capacity 10618K, committed 10684K, reserved 1048576K
Event: 32,159 GC heap after
Heap after GC invocations=17 (full 3):
 PSYoungGen      total 258048K, used 29180K [0x00000000e0000000, 0x00000000f4d00000, 0x0000000100000000)
  eden space 228864K, 0% used [0x00000000e0000000,0x00000000e0000000,0x00000000edf80000)
  from space 29184K, 99% used [0x00000000f0b80000,0x00000000f27ff2e8,0x00000000f2800000)
  to   space 45056K, 0% used [0x00000000edf80000,0x00000000edf80000,0x00000000f0b80000)
 ParOldGen       total 137216K, used 80984K [0x00000000a0000000, 0x00000000a8600000, 0x00000000e0000000)
  object space 137216K, 59% used [0x00000000a0000000,0x00000000a4f161e8,0x00000000a8600000)
 Metaspace       used 75248K, capacity 77564K, committed 77716K, reserved 1116160K
  class space    used 10062K, capacity 10618K, committed 10684K, reserved 1048576K
}
Event: 34,013 GC heap before
{Heap before GC invocations=18 (full 3):
 PSYoungGen      total 258048K, used 258044K [0x00000000e0000000, 0x00000000f4d00000, 0x0000000100000000)
  eden space 228864K, 100% used [0x00000000e0000000,0x00000000edf80000,0x00000000edf80000)
  from space 29184K, 99% used [0x00000000f0b80000,0x00000000f27ff2e8,0x00000000f2800000)
  to   space 45056K, 0% used [0x00000000edf80000,0x00000000edf80000,0x00000000f0b80000)
 ParOldGen       total 137216K, used 80984K [0x00000000a0000000, 0x00000000a8600000, 0x00000000e0000000)
  object space 137216K, 59% used [0x00000000a0000000,0x00000000a4f161e8,0x00000000a8600000)
 Metaspace       used 77659K, capacity 80216K, committed 80404K, reserved 1118208K
  class space    used 10348K, capacity 10960K, committed 11068K, reserved 1048576K

