# JRE version: OpenJDK Runtime Environment (8.0_152-b01) (build 1.8.0_152-release-1024-b01)
# Java VM: OpenJDK 64-Bit Server VM (25.152-b01 mixed mode linux-amd64 compressed oops)
Heap:
 PSYoungGen      total 429056K, used 0K [0x00000000e0000000, 0x0000000100000000, 0x0000000100000000)
  eden space 333824K, 0% used [0x00000000e0000000,0x00000000e0000000,0x00000000f4600000)
  from space 95232K, 0% used [0x00000000f4600000,0x00000000f4600000,0x00000000fa300000)
  to   space 95232K, 0% used [0x00000000fa300000,0x00000000fa300000,0x0000000100000000)
 ParOldGen       total 328192K, used 217883K [0x00000000a0000000, 0x00000000b4080000, 0x00000000e0000000)
  object space 328192K, 66% used [0x00000000a0000000,0x00000000ad4c6df0,0x00000000b4080000)
 Metaspace       used 137896K, capacity 145168K, committed 145752K, reserved 1175552K
  class space    used 17648K, capacity 19037K, committed 19288K, reserved 1048576K
GC Heap History (10 events):
Event: 2504,533 GC heap after
Heap after GC invocations=74 (full 7):
 PSYoungGen      total 411136K, used 6419K [0x00000000e0000000, 0x00000000ffe00000, 0x0000000100000000)
  eden space 309248K, 0% used [0x00000000e0000000,0x00000000e0000000,0x00000000f2e00000)
  from space 101888K, 6% used [0x00000000f2e00000,0x00000000f3444e58,0x00000000f9180000)
  to   space 97280K, 0% used [0x00000000f9f00000,0x00000000f9f00000,0x00000000ffe00000)
 ParOldGen       total 328192K, used 234428K [0x00000000a0000000, 0x00000000b4080000, 0x00000000e0000000)
  object space 328192K, 71% used [0x00000000a0000000,0x00000000ae4ef278,0x00000000b4080000)
 Metaspace       used 124575K, capacity 131176K, committed 137432K, reserved 1167360K
  class space    used 15953K, capacity 17255K, committed 19160K, reserved 1048576K
}
Event: 2507,336 GC heap before
{Heap before GC invocations=75 (full 7):
 PSYoungGen      total 411136K, used 315667K [0x00000000e0000000, 0x00000000ffe00000, 0x0000000100000000)
  eden space 309248K, 100% used [0x00000000e0000000,0x00000000f2e00000,0x00000000f2e00000)
  from space 101888K, 6% used [0x00000000f2e00000,0x00000000f3444e58,0x00000000f9180000)
  to   space 97280K, 0% used [0x00000000f9f00000,0x00000000f9f00000,0x00000000ffe00000)
 ParOldGen       total 328192K, used 234428K [0x00000000a0000000, 0x00000000b4080000, 0x00000000e0000000)
  object space 328192K, 71% used [0x00000000a0000000,0x00000000ae4ef278,0x00000000b4080000)
 Metaspace       used 126657K, capacity 133342K, committed 137432K, reserved 1167360K
  class space    used 16170K, capacity 17442K, committed 19160K, reserved 1048576K
Event: 2507,426 GC heap after
Heap after GC invocations=75 (full 7):
 PSYoungGen      total 414720K, used 34889K [0x00000000e0000000, 0x00000000ff680000, 0x0000000100000000)
  eden space 325120K, 0% used [0x00000000e0000000,0x00000000e0000000,0x00000000f3d80000)
  from space 89600K, 38% used [0x00000000f9f00000,0x00000000fc1124d0,0x00000000ff680000)
  to   space 94720K, 0% used [0x00000000f3d80000,0x00000000f3d80000,0x00000000f9a00000)
 ParOldGen       total 328192K, used 239114K [0x00000000a0000000, 0x00000000b4080000, 0x00000000e0000000)
  object space 328192K, 72% used [0x00000000a0000000,0x00000000ae982b00,0x00000000b4080000)
 Metaspace       used 126657K, capacity 133342K, committed 137432K, reserved 1167360K
  class space    used 16170K, capacity 17442K, committed 19160K, reserved 1048576K
}
Event: 2514,059 GC heap before
{Heap before GC invocations=76 (full 7):
 PSYoungGen      total 414720K, used 360009K [0x00000000e0000000, 0x00000000ff680000, 0x0000000100000000)
  eden space 325120K, 100% used [0x00000000e0000000,0x00000000f3d80000,0x00000000f3d80000)
  from space 89600K, 38% used [0x00000000f9f00000,0x00000000fc1124d0,0x00000000ff680000)
  to   space 94720K, 0% used [0x00000000f3d80000,0x00000000f3d80000,0x00000000f9a00000)
 ParOldGen       total 328192K, used 239114K [0x00000000a0000000, 0x00000000b4080000, 0x00000000e0000000)
  object space 328192K, 72% used [0x00000000a0000000,0x00000000ae982b00,0x00000000b4080000)
 Metaspace       used 126836K, capacity 133482K, committed 137432K, reserved 1167360K
  class space    used 16172K, capacity 17444K, committed 19160K, reserved 1048576K
Event: 2514,083 GC heap after
Heap after GC invocations=76 (full 7):
 PSYoungGen      total 419840K, used 8272K [0x00000000e0000000, 0x00000000ffb00000, 0x0000000100000000)
  eden space 325120K, 0% used [0x00000000e0000000,0x00000000e0000000,0x00000000f3d80000)
  from space 94720K, 8% used [0x00000000f3d80000,0x00000000f4594250,0x00000000f9a00000)
  to   space 89600K, 0% used [0x00000000fa380000,0x00000000fa380000,0x00000000ffb00000)
 ParOldGen       total 328192K, used 241135K [0x00000000a0000000, 0x00000000b4080000, 0x00000000e0000000)
  object space 328192K, 73% used [0x00000000a0000000,0x00000000aeb7bd80,0x00000000b4080000)
 Metaspace       used 126836K, capacity 133482K, committed 137432K, reserved 1167360K
  class space    used 16172K, capacity 17444K, committed 19160K, reserved 1048576K
}
Event: 2517,729 GC heap before
{Heap before GC invocations=77 (full 7):
 PSYoungGen      total 419840K, used 333392K [0x00000000e0000000, 0x00000000ffb00000, 0x0000000100000000)
  eden space 325120K, 100% used [0x00000000e0000000,0x00000000f3d80000,0x00000000f3d80000)
  from space 94720K, 8% used [0x00000000f3d80000,0x00000000f4594250,0x00000000f9a00000)
  to   space 89600K, 0% used [0x00000000fa380000,0x00000000fa380000,0x00000000ffb00000)
 ParOldGen       total 328192K, used 241135K [0x00000000a0000000, 0x00000000b4080000, 0x00000000e0000000)
  object space 328192K, 73% used [0x00000000a0000000,0x00000000aeb7bd80,0x00000000b4080000)
 Metaspace       used 135939K, capacity 142918K, committed 144088K, reserved 1173504K
  class space    used 17393K, capacity 18748K, committed 19160K, reserved 1048576K
Event: 2517,841 GC heap after
Heap after GC invocations=77 (full 7):
 PSYoungGen      total 423424K, used 54576K [0x00000000e0000000, 0x0000000100000000, 0x0000000100000000)
  eden space 333824K, 0% used [0x00000000e0000000,0x00000000e0000000,0x00000000f4600000)
  from space 89600K, 60% used [0x00000000fa380000,0x00000000fd8cc2b0,0x00000000ffb00000)
  to   space 95232K, 0% used [0x00000000f4600000,0x00000000f4600000,0x00000000fa300000)
 ParOldGen       total 328192K, used 243544K [0x00000000a0000000, 0x00000000b4080000, 0x00000000e0000000)
  object space 328192K, 74% used [0x00000000a0000000,0x00000000aedd6000,0x00000000b4080000)
 Metaspace       used 135939K, capacity 142918K, committed 144088K, reserved 1173504K
  class space    used 17393K, capacity 18748K, committed 19160K, reserved 1048576K
}
Event: 2520,226 GC heap before
{Heap before GC invocations=78 (full 7):
 PSYoungGen      total 423424K, used 388400K [0x00000000e0000000, 0x0000000100000000, 0x0000000100000000)
  eden space 333824K, 100% used [0x00000000e0000000,0x00000000f4600000,0x00000000f4600000)
  from space 89600K, 60% used [0x00000000fa380000,0x00000000fd8cc2b0,0x00000000ffb00000)
  to   space 95232K, 0% used [0x00000000f4600000,0x00000000f4600000,0x00000000fa300000)
 ParOldGen       total 328192K, used 243544K [0x00000000a0000000, 0x00000000b4080000, 0x00000000e0000000)
  object space 328192K, 74% used [0x00000000a0000000,0x00000000aedd6000,0x00000000b4080000)
 Metaspace       used 137918K, capacity 145204K, committed 145752K, reserved 1175552K
  class space    used 17651K, capacity 19043K, committed 19288K, reserved 1048576K
Event: 2520,426 GC heap after
Heap after GC invocations=78 (full 7):
 PSYoungGen      total 429056K, used 95224K [0x00000000e0000000, 0x0000000100000000, 0x0000000100000000)
  eden space 333824K, 0% used [0x00000000e0000000,0x00000000e0000000,0x00000000f4600000)
  from space 95232K, 99% used [0x00000000f4600000,0x00000000fa2fe338,0x00000000fa300000)
  to   space 95232K, 0% used [0x00000000fa300000,0x00000000fa300000,0x0000000100000000)
 ParOldGen       total 328192K, used 294561K [0x00000000a0000000, 0x00000000b4080000, 0x00000000e0000000)
  object space 328192K, 89% used [0x00000000a0000000,0x00000000b1fa8448,0x00000000b4080000)
 Metaspace       used 137918K, capacity 145204K, committed 145752K, reserved 1175552K
  class space    used 17651K, capacity 19043K, committed 19288K, reserved 1048576K
}
Event: 2520,428 GC heap before
{Heap before GC invocations=79 (full 8):
 PSYoungGen      total 429056K, used 95224K [0x00000000e0000000, 0x0000000100000000, 0x0000000100000000)
  eden space 333824K, 0% used [0x00000000e0000000,0x00000000e0000000,0x00000000f4600000)
  from space 95232K, 99% used [0x00000000f4600000,0x00000000fa2fe338,0x00000000fa300000)
  to   space 95232K, 0% used [0x00000000fa300000,0x00000000fa300000,0x0000000100000000)
 ParOldGen       total 328192K, used 294561K [0x00000000a0000000, 0x00000000b4080000, 0x00000000e0000000)
  object space 328192K, 89% used [0x00000000a0000000,0x00000000b1fa8448,0x00000000b4080000)
 Metaspace       used 137918K, capacity 145204K, committed 145752K, reserved 1175552K
  class space    used 17651K, capacity 19043K, committed 19288K, reserved 1048576K

